0 info it worked if it ends with ok
1 verbose cli [ '/usr/local/bin/node',
1 verbose cli   '/usr/local/bin/npm',
1 verbose cli   'install',
1 verbose cli   'express',
1 verbose cli   '&&',
1 verbose cli   'node',
1 verbose cli   'index.js' ]
2 info using npm@4.1.2
3 info using node@v7.7.2
4 silly loadCurrentTree Starting
5 silly install loadCurrentTree
6 silly install readLocalPackageData
7 silly fetchPackageMetaData express
8 silly fetchPackageMetaData &&
9 silly fetchPackageMetaData node
10 silly fetchPackageMetaData index.js
11 silly fetchNamedPackageData express
12 silly mapToRegistry name express
13 silly mapToRegistry using default registry
14 silly mapToRegistry registry https://registry.npmjs.org/
15 silly mapToRegistry data Result {
15 silly mapToRegistry   raw: 'express',
15 silly mapToRegistry   scope: null,
15 silly mapToRegistry   escapedName: 'express',
15 silly mapToRegistry   name: 'express',
15 silly mapToRegistry   rawSpec: '',
15 silly mapToRegistry   spec: 'latest',
15 silly mapToRegistry   type: 'tag' }
16 silly mapToRegistry uri https://registry.npmjs.org/express
17 silly fetchOtherPackageData &&
18 silly cache add args [ '&&', null ]
19 verbose cache add spec &&
20 silly fetchNamedPackageData node
21 silly mapToRegistry name node
22 silly mapToRegistry using default registry
23 silly mapToRegistry registry https://registry.npmjs.org/
24 silly mapToRegistry data Result {
24 silly mapToRegistry   raw: 'node',
24 silly mapToRegistry   scope: null,
24 silly mapToRegistry   escapedName: 'node',
24 silly mapToRegistry   name: 'node',
24 silly mapToRegistry   rawSpec: '',
24 silly mapToRegistry   spec: 'latest',
24 silly mapToRegistry   type: 'tag' }
25 silly mapToRegistry uri https://registry.npmjs.org/node
26 silly fetchOtherPackageData index.js
27 silly cache add args [ 'index.js', null ]
28 verbose cache add spec index.js
29 verbose request uri https://registry.npmjs.org/express
30 verbose request no auth needed
31 info attempt registry request try #1 at 8:42:42 AM
32 verbose request id 82efbf737c620343
33 http request GET https://registry.npmjs.org/express
34 silly cache add parsed spec Result {
34 silly cache add   raw: '&&',
34 silly cache add   scope: null,
34 silly cache add   escapedName: null,
34 silly cache add   name: null,
34 silly cache add   rawSpec: '&&',
34 silly cache add   spec: '/usr/app/&&',
34 silly cache add   type: 'local' }
35 verbose request uri https://registry.npmjs.org/node
36 verbose request no auth needed
37 info attempt registry request try #1 at 8:42:42 AM
38 http request GET https://registry.npmjs.org/node
39 silly cache add parsed spec Result {
39 silly cache add   raw: 'index.js',
39 silly cache add   scope: null,
39 silly cache add   escapedName: 'index.js',
39 silly cache add   name: null,
39 silly cache add   rawSpec: 'index.js',
39 silly cache add   spec: '/usr/app/index.js',
39 silly cache add   type: 'local' }
40 error addLocal Could not install /usr/app/&&
41 silly fetchPackageMetaData Error: ENOENT: no such file or directory, open '/usr/app/&&'
41 silly fetchPackageMetaData  error for && { Error: ENOENT: no such file or directory, open '/usr/app/&&'
41 silly fetchPackageMetaData   errno: -2,
41 silly fetchPackageMetaData   code: 'ENOENT',
41 silly fetchPackageMetaData   syscall: 'open',
41 silly fetchPackageMetaData   path: '/usr/app/&&' }
42 silly addLocalTarball shasum (computed) 15af915be4a3a4ce5830be9de12d85bf9fcbffed
43 verbose addTmpTarball /usr/app/index.js not in flight; adding
44 verbose correctMkdir /root/.npm correctMkdir not in flight; initializing
45 verbose addTmpTarball validating metadata from /usr/app/index.js
46 verbose tar unpack /usr/app/index.js
47 verbose tar unpacking to /tmp/npm-1-f6a82745/unpack-4119f2ad
48 silly gentlyRm /tmp/npm-1-f6a82745/unpack-4119f2ad is being purged
49 verbose gentlyRm don't care about contents; nuking /tmp/npm-1-f6a82745/unpack-4119f2ad
50 silly gunzTarPerm modes [ '755', '644' ]
51 error not a package /usr/app/index.js
52 error addLocal Could not install /usr/app/index.js
53 silly fetchPackageMetaData Error: ENOENT: no such file or directory, open '/tmp/npm-1-f6a82745/unpack-4119f2ad/package.json'
53 silly fetchPackageMetaData  error for index.js { Error: ENOENT: no such file or directory, open '/tmp/npm-1-f6a82745/unpack-4119f2ad/package.json'
53 silly fetchPackageMetaData   errno: -2,
53 silly fetchPackageMetaData   code: 'ENOENT',
53 silly fetchPackageMetaData   syscall: 'open',
53 silly fetchPackageMetaData   path: '/tmp/npm-1-f6a82745/unpack-4119f2ad/package.json' }
54 http 200 https://registry.npmjs.org/express
55 verbose headers { date: 'Thu, 20 Jan 2022 08:42:43 GMT',
55 verbose headers   'content-type': 'application/json',
55 verbose headers   'transfer-encoding': 'chunked',
55 verbose headers   connection: 'keep-alive',
55 verbose headers   'cf-ray': '6d0702d20fce4aff-HYD',
55 verbose headers   'cache-control': 'public, max-age=300',
55 verbose headers   etag: 'W/"40a269e8e080fed8ac1f3734ec12907c"',
55 verbose headers   'last-modified': 'Tue, 28 Dec 2021 18:46:15 GMT',
55 verbose headers   vary: 'accept-encoding, accept',
55 verbose headers   'cf-cache-status': 'HIT',
55 verbose headers   'expect-ct': 'max-age=604800, report-uri="https://report-uri.cloudflare.com/cdn-cgi/beacon/expect-ct"',
55 verbose headers   'x-amz-replication-status': 'COMPLETED',
55 verbose headers   server: 'cloudflare',
55 verbose headers   'content-encoding': 'gzip' }
56 silly get cb [ 200,
56 silly get   { date: 'Thu, 20 Jan 2022 08:42:43 GMT',
56 silly get     'content-type': 'application/json',
56 silly get     'transfer-encoding': 'chunked',
56 silly get     connection: 'keep-alive',
56 silly get     'cf-ray': '6d0702d20fce4aff-HYD',
56 silly get     'cache-control': 'public, max-age=300',
56 silly get     etag: 'W/"40a269e8e080fed8ac1f3734ec12907c"',
56 silly get     'last-modified': 'Tue, 28 Dec 2021 18:46:15 GMT',
56 silly get     vary: 'accept-encoding, accept',
56 silly get     'cf-cache-status': 'HIT',
56 silly get     'expect-ct': 'max-age=604800, report-uri="https://report-uri.cloudflare.com/cdn-cgi/beacon/expect-ct"',
56 silly get     'x-amz-replication-status': 'COMPLETED',
56 silly get     server: 'cloudflare',
56 silly get     'content-encoding': 'gzip' } ]
57 verbose get saving express to /root/.npm/registry.npmjs.org/express/.cache.json
58 verbose correctMkdir /root/.npm correctMkdir not in flight; initializing
59 http 200 https://registry.npmjs.org/node
60 verbose headers { date: 'Thu, 20 Jan 2022 08:42:44 GMT',
60 verbose headers   'content-type': 'application/json',
60 verbose headers   'transfer-encoding': 'chunked',
60 verbose headers   connection: 'keep-alive',
60 verbose headers   'cf-ray': '6d0702d20ecc4b1d-HYD',
60 verbose headers   'cache-control': 'public, max-age=300',
60 verbose headers   etag: 'W/"7f5629a5b8b620b49050d21665b9798f"',
60 verbose headers   'last-modified': 'Fri, 14 Jan 2022 04:35:53 GMT',
60 verbose headers   vary: 'accept-encoding, accept',
60 verbose headers   'cf-cache-status': 'REVALIDATED',
60 verbose headers   'expect-ct': 'max-age=604800, report-uri="https://report-uri.cloudflare.com/cdn-cgi/beacon/expect-ct"',
60 verbose headers   'x-amz-replication-status': 'COMPLETED',
60 verbose headers   server: 'cloudflare',
60 verbose headers   'content-encoding': 'gzip' }
61 silly get cb [ 200,
61 silly get   { date: 'Thu, 20 Jan 2022 08:42:44 GMT',
61 silly get     'content-type': 'application/json',
61 silly get     'transfer-encoding': 'chunked',
61 silly get     connection: 'keep-alive',
61 silly get     'cf-ray': '6d0702d20ecc4b1d-HYD',
61 silly get     'cache-control': 'public, max-age=300',
61 silly get     etag: 'W/"7f5629a5b8b620b49050d21665b9798f"',
61 silly get     'last-modified': 'Fri, 14 Jan 2022 04:35:53 GMT',
61 silly get     vary: 'accept-encoding, accept',
61 silly get     'cf-cache-status': 'REVALIDATED',
61 silly get     'expect-ct': 'max-age=604800, report-uri="https://report-uri.cloudflare.com/cdn-cgi/beacon/expect-ct"',
61 silly get     'x-amz-replication-status': 'COMPLETED',
61 silly get     server: 'cloudflare',
61 silly get     'content-encoding': 'gzip' } ]
62 verbose get saving node to /root/.npm/registry.npmjs.org/node/.cache.json
63 verbose correctMkdir /root/.npm correctMkdir not in flight; initializing
64 silly rollbackFailedOptional Starting
65 silly rollbackFailedOptional Finishing
66 silly runTopLevelLifecycles Finishing
67 silly install printInstalled
68 verbose stack Error: ENOENT: no such file or directory, open '/usr/app/&&'
69 verbose cwd /usr/app
70 error Linux 5.4.0-73-generic
71 error argv "/usr/local/bin/node" "/usr/local/bin/npm" "install" "express" "&&" "node" "index.js"
72 error node v7.7.2
73 error npm  v4.1.2
74 error path /usr/app/&&
75 error code ENOENT
76 error errno -2
77 error syscall open
78 error enoent ENOENT: no such file or directory, open '/usr/app/&&'
79 error enoent ENOENT: no such file or directory, open '/usr/app/&&'
79 error enoent This is most likely not a problem with npm itself
79 error enoent and is related to npm not being able to find a file.
80 verbose exit [ -2, true ]
